Invoking: tsc -b && vite build 
vite v6.3.5 building for production...
transforming...
✓ 13148 modules transformed.
rendering chunks...
computing gzip size...
dist/index.html                                      1.81 kB │ gzip:   0.70 kB
dist/assets/DroidSansMono-webfont-Bs2YQVik.woff     18.97 kB
dist/assets/gilmer-medium-BwTaPAdm.woff2            33.29 kB
dist/assets/gilmer-regular-CQo1oE74.woff2           33.60 kB
dist/assets/gilmer-bold-B9mwCi6t.woff2              33.65 kB
dist/assets/gilmer-medium-DIcsn7Xb.woff             46.99 kB
dist/assets/gilmer-regular-89cc1Vnu.woff            47.04 kB
dist/assets/gilmer-bold-l1npT66z.woff               47.55 kB
dist/assets/gilmer-medium-BdnzkRst.ttf              97.27 kB
dist/assets/gilmer-medium-p6d0Nbx-.eot              97.50 kB
dist/assets/gilmer-regular-Q9JllTQp.ttf             97.54 kB
dist/assets/gilmer-regular-sXubZOkD.eot             97.77 kB
dist/assets/gilmer-bold-D_0T7HYJ.ttf                98.70 kB
dist/assets/gilmer-bold-DNAzo7gO.eot                98.92 kB
dist/assets/index-C58xdskb.css                       0.20 kB │ gzip:   0.16 kB
dist/assets/design-system-CoXzejZy.css               1.32 kB │ gzip:   0.42 kB
dist/assets/TopRightMenuPanel-CJsSKrih.js            0.70 kB │ gzip:   0.44 kB
dist/assets/ComponentListPanel-HmXobxvc.js           0.88 kB │ gzip:   0.50 kB
dist/assets/plugin-top-right-menu-CZaRCkMp.js        1.09 kB │ gzip:   0.52 kB
dist/assets/MainLayout-CuKVDpz6.js                   1.72 kB │ gzip:   0.83 kB
dist/assets/TopLevelSelector-DCU0jSG7.js             2.01 kB │ gzip:   0.89 kB
dist/assets/plugin-top-level-selector-BlaMFr8z.js    2.15 kB │ gzip:   1.16 kB
dist/assets/plugin-overview-CxgIrs0g.js              3.03 kB │ gzip:   0.94 kB
dist/assets/index-DtoDQrFL.js                        3.30 kB │ gzip:   1.43 kB
dist/assets/plugin-core-DRg_S1q1.js                  4.42 kB │ gzip:   1.46 kB
dist/assets/common-views-DKsa_NGO.js                10.13 kB │ gzip:   3.22 kB
dist/assets/react-vendor-DJG_os-6.js                11.83 kB │ gzip:   4.20 kB
dist/assets/router-vendor-DBcYkEYk.js               34.70 kB │ gzip:  12.83 kB
dist/assets/plugin-choreo-context-BI5quFJA.js       41.41 kB │ gzip:  12.68 kB
dist/assets/intl-vendor-Cii5isrR.js                 61.64 kB │ gzip:  17.89 kB
dist/assets/lodash-vendor-R-DVaxt-.js               72.01 kB │ gzip:  26.64 kB
dist/assets/index-Dr9RYfgQ.js                      177.53 kB │ gzip:  56.39 kB
dist/assets/design-system-BR9GEEhY.js              400.57 kB │ gzip: 120.32 kB
✓ built in 6.26s
