Invoking: rushx lint && rushx clean && tsc -project tsconfig.json 
Found configuration in /Users/rasikamaduranga/WS02/OpenChoreo/openchoreo/choreo-ui/rush.json

Rush Multi-Project Build Tool 5.153.1 - Node.js 20.14.0 (LTS)
> "eslint --config ./eslint.config.js --fix"


/Users/rasikamaduranga/WS02/OpenChoreo/openchoreo/choreo-ui/workspaces/plugins/plugin-core/src/hooks/useRouteExtentions/useRouteExtentions.ts
  1:8  warning  'React' is defined but never used  no-unused-vars
  1:8  warning  'React' is defined but never used  @typescript-eslint/no-unused-vars

/Users/rasikamaduranga/WS02/OpenChoreo/openchoreo/choreo-ui/workspaces/plugins/plugin-core/src/plugin-types/paths.ts
   2:3  warning  'ORG_LEVEL' is defined but never used        no-unused-vars
   3:3  warning  'PROJECT_LEVEL' is defined but never used    no-unused-vars
   4:3  warning  'COMPONENT_LEVEL' is defined but never used  no-unused-vars
   8:3  warning  'ORG_LEVEL' is defined but never used        no-unused-vars
   9:3  warning  'PROJECT_LEVEL' is defined but never used    no-unused-vars
  10:3  warning  'COMPONENT_LEVEL' is defined but never used  no-unused-vars

/Users/rasikamaduranga/WS02/OpenChoreo/openchoreo/choreo-ui/workspaces/plugins/plugin-core/src/plugin-types/plugin.ts
  1:10  warning  'Level' is defined but never used       no-unused-vars
  1:10  warning  'Level' is defined but never used       @typescript-eslint/no-unused-vars
  5:3   warning  'NAVIGATION' is defined but never used  no-unused-vars
  6:3   warning  'ROUTE' is defined but never used       no-unused-vars
  7:3   warning  'PANEL' is defined but never used       no-unused-vars
  8:3   warning  'PROVIDER' is defined but never used    no-unused-vars

✖ 14 problems (0 errors, 14 warnings)

Found configuration in /Users/rasikamaduranga/WS02/OpenChoreo/openchoreo/choreo-ui/rush.json

Rush Multi-Project Build Tool 5.153.1 - Node.js 20.14.0 (LTS)
> "rm -rf dist"

